[2025-05-25 22:21:06,700] INFO in app: Запуск сервера на http://127.0.0.1:5000
[2025-05-25 22:21:06,954] INFO in app: Запуск сервера на http://127.0.0.1:5000
[2025-05-25 22:21:15,303] INFO in app: Открыта главная страница
[2025-05-25 22:21:27,309] INFO in app: Получен JSON: {'number_of_rooms': '11', 'area': '120', 'flat_floor': '2', 'total_floors': '4'}
[2025-05-25 22:21:27,310] WARNING in app: Количество комнат не может быть больше четырёх
[2025-05-25 22:21:51,252] INFO in app: Получен JSON: {'number_of_rooms': '3', 'area': '120', 'flat_floor': '2', 'total_floors': '5'}
[2025-05-25 22:21:51,252] INFO in app: Данные успешно проверены: [3.0, 120.0, 2.0, 5.0]
[2025-05-25 23:03:31,846] INFO in app: Загружена ML-модель
[2025-05-25 23:03:31,847] INFO in app: Запуск сервера на http://127.0.0.1:5000
[2025-05-25 23:03:32,989] INFO in app: Загружена ML-модель
[2025-05-25 23:03:32,989] INFO in app: Запуск сервера на http://127.0.0.1:5000
[2025-05-25 23:03:38,007] INFO in app: Открыта главная страница
[2025-05-25 23:03:54,183] INFO in app: Получен JSON: {'number_of_rooms': '3', 'area': '120', 'flat_floor': '1', 'total_floors': '5'}
[2025-05-25 23:03:54,184] INFO in app: Данные успешно проверены: [3.0, 120.0, 1.0, 5.0]
[2025-05-25 23:03:54,255] INFO in app: Предсказание сделано: [1.16112821e+08]
[2025-05-25 23:04:04,921] INFO in app: Получен JSON: {'number_of_rooms': '3', 'area': '120', 'flat_floor': '1', 'total_floors': '5'}
[2025-05-25 23:04:04,922] INFO in app: Данные успешно проверены: [3.0, 120.0, 1.0, 5.0]
[2025-05-25 23:04:04,925] INFO in app: Предсказание сделано: [1.16112821e+08]
[2025-05-25 23:04:11,214] INFO in app: Получен JSON: {'number_of_rooms': '3', 'area': '120', 'flat_floor': '5', 'total_floors': '5'}
[2025-05-25 23:04:11,215] INFO in app: Данные успешно проверены: [3.0, 120.0, 5.0, 5.0]
[2025-05-25 23:04:11,218] INFO in app: Предсказание сделано: [1.16112821e+08]
[2025-05-25 23:04:12,334] INFO in app: Получен JSON: {'number_of_rooms': '3', 'area': '120', 'flat_floor': '5', 'total_floors': '5'}
[2025-05-25 23:04:12,335] INFO in app: Данные успешно проверены: [3.0, 120.0, 5.0, 5.0]
[2025-05-25 23:04:12,338] INFO in app: Предсказание сделано: [1.16112821e+08]
[2025-05-25 23:04:12,724] INFO in app: Получен JSON: {'number_of_rooms': '3', 'area': '120', 'flat_floor': '5', 'total_floors': '5'}
[2025-05-25 23:04:12,725] INFO in app: Данные успешно проверены: [3.0, 120.0, 5.0, 5.0]
[2025-05-25 23:04:12,728] INFO in app: Предсказание сделано: [1.16112821e+08]
[2025-05-25 23:04:12,923] INFO in app: Получен JSON: {'number_of_rooms': '3', 'area': '120', 'flat_floor': '5', 'total_floors': '5'}
[2025-05-25 23:04:12,923] INFO in app: Данные успешно проверены: [3.0, 120.0, 5.0, 5.0]
[2025-05-25 23:04:12,926] INFO in app: Предсказание сделано: [1.16112821e+08]
[2025-05-25 23:04:13,120] INFO in app: Получен JSON: {'number_of_rooms': '3', 'area': '120', 'flat_floor': '5', 'total_floors': '5'}
[2025-05-25 23:04:13,121] INFO in app: Данные успешно проверены: [3.0, 120.0, 5.0, 5.0]
[2025-05-25 23:04:13,124] INFO in app: Предсказание сделано: [1.16112821e+08]
[2025-05-25 23:04:13,309] INFO in app: Получен JSON: {'number_of_rooms': '3', 'area': '120', 'flat_floor': '5', 'total_floors': '5'}
[2025-05-25 23:04:13,309] INFO in app: Данные успешно проверены: [3.0, 120.0, 5.0, 5.0]
[2025-05-25 23:04:13,313] INFO in app: Предсказание сделано: [1.16112821e+08]
[2025-05-25 23:04:38,939] INFO in app: Получен JSON: {'number_of_rooms': '3', 'area': '160', 'flat_floor': '5', 'total_floors': '5'}
[2025-05-25 23:04:38,939] INFO in app: Данные успешно проверены: [3.0, 160.0, 5.0, 5.0]
[2025-05-25 23:04:38,943] INFO in app: Предсказание сделано: [1.65598519e+08]
[2025-05-25 23:04:42,825] INFO in app: Получен JSON: {'number_of_rooms': '3', 'area': '160', 'flat_floor': '2', 'total_floors': '5'}
[2025-05-25 23:04:42,825] INFO in app: Данные успешно проверены: [3.0, 160.0, 2.0, 5.0]
[2025-05-25 23:04:42,829] INFO in app: Предсказание сделано: [1.65598519e+08]
[2025-05-25 23:04:46,639] INFO in app: Получен JSON: {'number_of_rooms': '3', 'area': '160', 'flat_floor': '2', 'total_floors': '10'}
[2025-05-25 23:04:46,639] INFO in app: Данные успешно проверены: [3.0, 160.0, 2.0, 10.0]
[2025-05-25 23:04:46,642] INFO in app: Предсказание сделано: [1.65598519e+08]
[2025-05-25 23:04:55,047] INFO in app: Получен JSON: {'number_of_rooms': '3', 'area': '160', 'flat_floor': '2', 'total_floors': '15'}
[2025-05-25 23:04:55,047] INFO in app: Данные успешно проверены: [3.0, 160.0, 2.0, 15.0]
[2025-05-25 23:04:55,050] INFO in app: Предсказание сделано: [1.65598519e+08]
